Constructing tool from setup file C:\Users\user\Documents\GitHub\ACLforces\Data\Filip/Settings/HDR_1_Setup_IK.xml.

Loaded model Filip2 from file C:\Users\user\Documents\GitHub\ACLforces\Data\Filip\Filip_2CL.osim
               MODEL: Filip2
         coordinates: 47
              forces: 94
           actuators: 92
             muscles: 92
            analyses: 0
              probes: 0
              bodies: 21
              joints: 20
         constraints: 0
             markers: 50
         controllers: 0
  contact geometries: 0
misc modelcomponents: 0
Running tool HDR_1.
Loaded marker file C:\Users\user\Documents\GitHub\ACLforces\Data\Filip\HDR_1.trc (46 markers, 134 frames)
Frame 0 (t=0):	total squared error = 0.0327729, marker error: RMS=0.0266919, max=0.0698112 (RTIB2)
Frame 1 (t=0.01):	total squared error = 0.0324034, marker error: RMS=0.026541, max=0.069758 (RTIB2)
Frame 2 (t=0.02):	total squared error = 0.0319563, marker error: RMS=0.0263572, max=0.0697254 (RTIB2)
Frame 3 (t=0.03):	total squared error = 0.0315835, marker error: RMS=0.026203, max=0.0697902 (RTIB2)
Frame 4 (t=0.04):	total squared error = 0.0310568, marker error: RMS=0.0259836, max=0.0698633 (RTIB2)
Frame 5 (t=0.05):	total squared error = 0.0308199, marker error: RMS=0.0258843, max=0.0701068 (RTIB2)
Frame 6 (t=0.06):	total squared error = 0.0304139, marker error: RMS=0.0257132, max=0.0703358 (RTIB2)
Frame 7 (t=0.07):	total squared error = 0.0300399, marker error: RMS=0.0255547, max=0.0702827 (RTIB2)
Frame 8 (t=0.08):	total squared error = 0.0297705, marker error: RMS=0.0254398, max=0.0704537 (RTIB2)
Frame 9 (t=0.09):	total squared error = 0.0293903, marker error: RMS=0.0252768, max=0.0705997 (RTIB2)
Frame 10 (t=0.1):	total squared error = 0.0290444, marker error: RMS=0.0251277, max=0.070648 (RTIB2)
Frame 11 (t=0.11):	total squared error = 0.0286516, marker error: RMS=0.0249572, max=0.0704489 (RTIB2)
Frame 12 (t=0.12):	total squared error = 0.0280341, marker error: RMS=0.0246868, max=0.0701509 (RTIB2)
Frame 13 (t=0.13):	total squared error = 0.0277231, marker error: RMS=0.0245495, max=0.070072 (RTIB2)
Frame 14 (t=0.14):	total squared error = 0.0273354, marker error: RMS=0.0243772, max=0.0700365 (RTIB2)
Frame 15 (t=0.15):	total squared error = 0.0270691, marker error: RMS=0.0242582, max=0.0699972 (RTIB2)
Frame 16 (t=0.16):	total squared error = 0.0265155, marker error: RMS=0.0240088, max=0.0699583 (RTIB2)
Frame 17 (t=0.17):	total squared error = 0.0263344, marker error: RMS=0.0239267, max=0.0700398 (RTIB2)
Frame 18 (t=0.18):	total squared error = 0.0260842, marker error: RMS=0.0238127, max=0.0699306 (RTIB2)
Frame 19 (t=0.19):	total squared error = 0.025973, marker error: RMS=0.023762, max=0.0696631 (RTIB2)
Frame 20 (t=0.2):	total squared error = 0.0256667, marker error: RMS=0.0236214, max=0.0697332 (RTIB2)
Frame 21 (t=0.21):	total squared error = 0.0255427, marker error: RMS=0.0235643, max=0.0695921 (RTIB2)
Frame 22 (t=0.22):	total squared error = 0.0255199, marker error: RMS=0.0235538, max=0.0693573 (RTIB2)
Frame 23 (t=0.23):	total squared error = 0.0253433, marker error: RMS=0.0234721, max=0.069393 (RTIB2)
Frame 24 (t=0.24):	total squared error = 0.0252364, marker error: RMS=0.0234226, max=0.0693624 (RTIB2)
Frame 25 (t=0.25):	total squared error = 0.0251326, marker error: RMS=0.0233744, max=0.0693393 (RTIB2)
Frame 26 (t=0.26):	total squared error = 0.0250395, marker error: RMS=0.023331, max=0.0692401 (RTIB2)
Frame 27 (t=0.27):	total squared error = 0.0250778, marker error: RMS=0.0233489, max=0.0695265 (RTIB2)
Frame 28 (t=0.28):	total squared error = 0.0251584, marker error: RMS=0.0233864, max=0.0699571 (RTIB2)
Frame 29 (t=0.29):	total squared error = 0.0253033, marker error: RMS=0.0234536, max=0.0701853 (RTIB2)
Frame 30 (t=0.3):	total squared error = 0.0256664, marker error: RMS=0.0236213, max=0.0707511 (RTIB2)
Frame 31 (t=0.31):	total squared error = 0.0258085, marker error: RMS=0.0236866, max=0.0711868 (RTIB2)
Frame 32 (t=0.32):	total squared error = 0.0261207, marker error: RMS=0.0238294, max=0.071855 (RTIB2)
Frame 33 (t=0.33):	total squared error = 0.0266328, marker error: RMS=0.0240619, max=0.0726392 (RTIB2)
Frame 34 (t=0.34):	total squared error = 0.0269962, marker error: RMS=0.0242255, max=0.0728641 (RTIB2)
Frame 35 (t=0.35):	total squared error = 0.0276721, marker error: RMS=0.0245269, max=0.0733223 (RTIB2)
Frame 36 (t=0.36):	total squared error = 0.0282531, marker error: RMS=0.024783, max=0.0737892 (RTIB2)
Frame 37 (t=0.37):	total squared error = 0.0290399, marker error: RMS=0.0251257, max=0.0741616 (RTIB2)
Frame 38 (t=0.38):	total squared error = 0.0297508, marker error: RMS=0.0254314, max=0.0738173 (RTIB2)
Frame 39 (t=0.39):	total squared error = 0.0301935, marker error: RMS=0.0256199, max=0.0735064 (RTIB2)
Frame 40 (t=0.4):	total squared error = 0.0307107, marker error: RMS=0.0258384, max=0.0734348 (RTIB2)
Frame 41 (t=0.41):	total squared error = 0.031208, marker error: RMS=0.0260468, max=0.0726187 (RTIB2)
Frame 42 (t=0.42):	total squared error = 0.0319409, marker error: RMS=0.0263508, max=0.0719486 (RTIB2)
Frame 43 (t=0.43):	total squared error = 0.0325284, marker error: RMS=0.0265921, max=0.0701842 (RTIB2)
Frame 44 (t=0.44):	total squared error = 0.0334343, marker error: RMS=0.0269598, max=0.0691762 (RTIB2)
Frame 45 (t=0.45):	total squared error = 0.0343288, marker error: RMS=0.0273181, max=0.0680749 (RTIB2)
Frame 46 (t=0.46):	total squared error = 0.0352352, marker error: RMS=0.0276764, max=0.0664983 (RTIB2)
Frame 47 (t=0.47):	total squared error = 0.036268, marker error: RMS=0.0280791, max=0.0645625 (RTIB2)
Frame 48 (t=0.48):	total squared error = 0.0374934, marker error: RMS=0.0285495, max=0.0652 (LFHD)
Frame 49 (t=0.49):	total squared error = 0.038853, marker error: RMS=0.0290625, max=0.0677013 (LFHD)
Frame 50 (t=0.5):	total squared error = 0.0402404, marker error: RMS=0.0295769, max=0.0695905 (LFHD)
Frame 51 (t=0.51):	total squared error = 0.0417312, marker error: RMS=0.0301198, max=0.0715723 (LFHD)
Frame 52 (t=0.52):	total squared error = 0.0434425, marker error: RMS=0.0307311, max=0.0725531 (LFHD)
Frame 53 (t=0.53):	total squared error = 0.0451495, marker error: RMS=0.0313291, max=0.0741369 (LFHD)
Frame 54 (t=0.54):	total squared error = 0.0466653, marker error: RMS=0.0318506, max=0.0753008 (LFHD)
Frame 55 (t=0.55):	total squared error = 0.04766, marker error: RMS=0.0321883, max=0.0760833 (LFHD)
Frame 56 (t=0.56):	total squared error = 0.0482452, marker error: RMS=0.0323853, max=0.0774046 (LFHD)
Frame 57 (t=0.57):	total squared error = 0.0480072, marker error: RMS=0.0323053, max=0.0780802 (LFHD)
Frame 58 (t=0.58):	total squared error = 0.0478059, marker error: RMS=0.0322375, max=0.0792142 (LFHD)
Frame 59 (t=0.59):	total squared error = 0.0474317, marker error: RMS=0.0321111, max=0.0795841 (LFHD)
Frame 60 (t=0.6):	total squared error = 0.0470695, marker error: RMS=0.0319883, max=0.0800799 (LFHD)
Frame 61 (t=0.61):	total squared error = 0.0462552, marker error: RMS=0.0317104, max=0.0804564 (LFHD)
Frame 62 (t=0.62):	total squared error = 0.0462039, marker error: RMS=0.0316928, max=0.0808689 (LFHD)
Frame 63 (t=0.63):	total squared error = 0.046374, marker error: RMS=0.0317511, max=0.0807751 (LFHD)
Frame 64 (t=0.64):	total squared error = 0.0467405, marker error: RMS=0.0318763, max=0.0811657 (LFHD)
Frame 65 (t=0.65):	total squared error = 0.047059, marker error: RMS=0.0319847, max=0.081521 (LFHD)
Frame 66 (t=0.66):	total squared error = 0.0475303, marker error: RMS=0.0321445, max=0.0824421 (LFHD)
Frame 67 (t=0.67):	total squared error = 0.047938, marker error: RMS=0.032282, max=0.0828364 (LFHD)
Frame 68 (t=0.68):	total squared error = 0.048682, marker error: RMS=0.0325316, max=0.0836849 (LFHD)
Frame 69 (t=0.69):	total squared error = 0.0493222, marker error: RMS=0.0327448, max=0.0844243 (LFHD)
Frame 70 (t=0.7):	total squared error = 0.050266, marker error: RMS=0.0330566, max=0.0853956 (LFHD)
Frame 71 (t=0.71):	total squared error = 0.0511268, marker error: RMS=0.0333384, max=0.0860529 (LFHD)
Frame 72 (t=0.72):	total squared error = 0.0520368, marker error: RMS=0.0336338, max=0.087199 (LFHD)
Frame 73 (t=0.73):	total squared error = 0.0524625, marker error: RMS=0.0337711, max=0.0870185 (LFHD)
Frame 74 (t=0.74):	total squared error = 0.0526961, marker error: RMS=0.0338462, max=0.0873421 (LFHD)
Frame 75 (t=0.75):	total squared error = 0.0531825, marker error: RMS=0.0340021, max=0.0869977 (LFHD)
Frame 76 (t=0.76):	total squared error = 0.0530056, marker error: RMS=0.0339455, max=0.0863785 (LFHD)
Frame 77 (t=0.77):	total squared error = 0.0525328, marker error: RMS=0.0337937, max=0.0841701 (LFHD)
Frame 78 (t=0.78):	total squared error = 0.0528643, marker error: RMS=0.0339002, max=0.0811719 (LFHD)
Frame 79 (t=0.79):	total squared error = 0.0523806, marker error: RMS=0.0337447, max=0.0790584 (LFHD)
Frame 80 (t=0.8):	total squared error = 0.0521819, marker error: RMS=0.0336807, max=0.0787104 (LFHD)
Frame 81 (t=0.81):	total squared error = 0.0525976, marker error: RMS=0.0338146, max=0.0785253 (LFHD)
Frame 82 (t=0.82):	total squared error = 0.0533129, marker error: RMS=0.0340437, max=0.0784286 (LFHD)
Frame 83 (t=0.83):	total squared error = 0.0548838, marker error: RMS=0.0345417, max=0.0791923 (LFHD)
Frame 84 (t=0.84):	total squared error = 0.0559299, marker error: RMS=0.0348693, max=0.079836 (LFHD)
Frame 85 (t=0.85):	total squared error = 0.0569459, marker error: RMS=0.0351846, max=0.080735 (LFHD)
Frame 86 (t=0.86):	total squared error = 0.0576262, marker error: RMS=0.0353941, max=0.0815184 (LFHD)
Frame 87 (t=0.87):	total squared error = 0.0577082, marker error: RMS=0.0354193, max=0.0816059 (LFHD)
Frame 88 (t=0.88):	total squared error = 0.0576795, marker error: RMS=0.0354105, max=0.0815528 (LFHD)
Frame 89 (t=0.89):	total squared error = 0.0574417, marker error: RMS=0.0353374, max=0.0818585 (LFHD)
Frame 90 (t=0.9):	total squared error = 0.0571555, marker error: RMS=0.0352493, max=0.0826763 (LFHD)
Frame 91 (t=0.91):	total squared error = 0.0573107, marker error: RMS=0.0352971, max=0.0836786 (LFHD)
Frame 92 (t=0.92):	total squared error = 0.0578735, marker error: RMS=0.03547, max=0.0847474 (LFHD)
Frame 93 (t=0.93):	total squared error = 0.0582145, marker error: RMS=0.0355743, max=0.0854775 (LFHD)
Frame 94 (t=0.94):	total squared error = 0.0587567, marker error: RMS=0.0357396, max=0.0858464 (LFHD)
Frame 95 (t=0.95):	total squared error = 0.059371, marker error: RMS=0.035926, max=0.0869634 (LFHD)
Frame 96 (t=0.96):	total squared error = 0.059836, marker error: RMS=0.0360664, max=0.0867974 (LFHD)
Frame 97 (t=0.97):	total squared error = 0.060483, marker error: RMS=0.0362608, max=0.0881625 (LFHD)
Frame 98 (t=0.98):	total squared error = 0.0608685, marker error: RMS=0.0363762, max=0.0881408 (LFHD)
Frame 99 (t=0.99):	total squared error = 0.0615779, marker error: RMS=0.0365876, max=0.089205 (LFHD)
Frame 100 (t=1):	total squared error = 0.0619608, marker error: RMS=0.0367011, max=0.0892961 (LFHD)
Frame 101 (t=1.01):	total squared error = 0.0623997, marker error: RMS=0.0368309, max=0.0899484 (LFHD)
Frame 102 (t=1.02):	total squared error = 0.0624338, marker error: RMS=0.036841, max=0.0897745 (LFHD)
Frame 103 (t=1.03):	total squared error = 0.0626232, marker error: RMS=0.0368968, max=0.0899413 (LFHD)
Frame 104 (t=1.04):	total squared error = 0.0626612, marker error: RMS=0.036908, max=0.0899652 (LFHD)
Frame 105 (t=1.05):	total squared error = 0.0625927, marker error: RMS=0.0368878, max=0.0897104 (LFHD)
Frame 106 (t=1.06):	total squared error = 0.0625204, marker error: RMS=0.0368665, max=0.0899809 (LFHD)
Frame 107 (t=1.07):	total squared error = 0.0621129, marker error: RMS=0.0367462, max=0.0899987 (LFHD)
Frame 108 (t=1.08):	total squared error = 0.0618155, marker error: RMS=0.0366581, max=0.0900968 (LFHD)
Frame 109 (t=1.09):	total squared error = 0.0615868, marker error: RMS=0.0365902, max=0.0900698 (LFHD)
Frame 110 (t=1.1):	total squared error = 0.0615451, marker error: RMS=0.0365778, max=0.0902352 (LFHD)
Frame 111 (t=1.11):	total squared error = 0.0614219, marker error: RMS=0.0365412, max=0.0899135 (LFHD)
Frame 112 (t=1.12):	total squared error = 0.0612819, marker error: RMS=0.0364995, max=0.0899525 (LFHD)
Frame 113 (t=1.13):	total squared error = 0.0609496, marker error: RMS=0.0364004, max=0.0900213 (LFHD)
Frame 114 (t=1.14):	total squared error = 0.0606771, marker error: RMS=0.036319, max=0.0894592 (LFHD)
Frame 115 (t=1.15):	total squared error = 0.0606307, marker error: RMS=0.0363051, max=0.0895135 (LFHD)
Frame 116 (t=1.16):	total squared error = 0.0604127, marker error: RMS=0.0362397, max=0.0895847 (LFHD)
Frame 117 (t=1.17):	total squared error = 0.06039, marker error: RMS=0.0362329, max=0.0891849 (LFHD)
Frame 118 (t=1.18):	total squared error = 0.0601469, marker error: RMS=0.0361599, max=0.0887951 (LFHD)
Frame 119 (t=1.19):	total squared error = 0.0598573, marker error: RMS=0.0360728, max=0.0881266 (LFHD)
Frame 120 (t=1.2):	total squared error = 0.0595641, marker error: RMS=0.0359843, max=0.0879226 (LFHD)
Frame 121 (t=1.21):	total squared error = 0.0593565, marker error: RMS=0.0359216, max=0.0878448 (LFHD)
Frame 122 (t=1.22):	total squared error = 0.0591628, marker error: RMS=0.0358629, max=0.0877918 (LFHD)
Frame 123 (t=1.23):	total squared error = 0.0589885, marker error: RMS=0.03581, max=0.0876151 (LFHD)
Frame 124 (t=1.24):	total squared error = 0.0588441, marker error: RMS=0.0357662, max=0.087824 (LFHD)
Frame 125 (t=1.25):	total squared error = 0.0587544, marker error: RMS=0.0357389, max=0.0878156 (LFHD)
Frame 126 (t=1.26):	total squared error = 0.0586084, marker error: RMS=0.0356945, max=0.0878234 (LFHD)
Frame 127 (t=1.27):	total squared error = 0.0585286, marker error: RMS=0.0356702, max=0.0881392 (LFHD)
Frame 128 (t=1.28):	total squared error = 0.0583881, marker error: RMS=0.0356273, max=0.0883299 (LFHD)
Frame 129 (t=1.29):	total squared error = 0.0587083, marker error: RMS=0.0357249, max=0.0884076 (LFHD)
Frame 130 (t=1.3):	total squared error = 0.0586959, marker error: RMS=0.0357211, max=0.0887673 (LFHD)
Frame 131 (t=1.31):	total squared error = 0.058672, marker error: RMS=0.0357138, max=0.0887849 (LFHD)
Frame 132 (t=1.32):	total squared error = 0.0587926, marker error: RMS=0.0357505, max=0.0891247 (LFHD)
Frame 133 (t=1.33):	total squared error = 0.0589856, marker error: RMS=0.0358091, max=0.0894 (LFHD)
InverseKinematicsTool completed 133 frames in 5.283s

IK compute time = 5525ms
